ERROR   2021-09-19 17:04:33,083 [http-nio-8080-exec-1] tannv.controller.LoadListController  - Error indexPage
INFO    2021-09-19 17:04:47,273 [http-nio-8080-exec-1] tannv.controller.LoginController  - Login success
ERROR   2021-09-19 17:04:47,275 [http-nio-8080-exec-1] tannv.controller.LoadListController  - Error indexPage
ERROR   2021-09-19 17:07:56,411 [http-nio-8080-exec-19] tannv.controller.LoadListController  - Page index = 1
ERROR   2021-09-20 19:43:38,474 [http-nio-8080-exec-6] tannv.controller.LoadListController  - Page index = 1
INFO    2021-09-20 19:43:47,473 [http-nio-8080-exec-6] tannv.controller.LoginController  - Login success
ERROR   2021-09-20 19:43:47,474 [http-nio-8080-exec-6] tannv.controller.LoadListController  - Page index = 1
ERROR   2021-09-20 19:49:15,067 [http-nio-8080-exec-11] tannv.controller.LoadListController  - Page index = 1
ERROR   2021-09-20 19:58:30,029 [http-nio-8080-exec-2] tannv.controller.LoadListController  - Page index = 1
ERROR   2021-09-20 20:06:02,198 [http-nio-8080-exec-7] tannv.controller.LoadListController  - Page index = 1
ERROR   2021-09-20 20:07:02,490 [http-nio-8080-exec-2] tannv.controller.LoadListController  - Page index = 1
ERROR   2021-09-20 20:07:06,682 [http-nio-8080-exec-12] tannv.controller.LoadListController  - Page index = 1
ERROR   2021-09-20 20:08:04,408 [http-nio-8080-exec-17] tannv.controller.LoadListController  - Page index = 1
INFO    2021-09-20 20:09:37,372 [http-nio-8080-exec-15] tannv.controller.LoginController  - Login success
ERROR   2021-09-20 20:09:37,372 [http-nio-8080-exec-15] tannv.controller.LoadListController  - Page index = 1
ERROR   2021-09-20 20:10:17,273 [http-nio-8080-exec-12] tannv.controller.LoadListController  - Page index = 1
ERROR   2021-09-20 20:10:25,934 [http-nio-8080-exec-14] tannv.controller.LoadListController  - Page index = 1
ERROR   2021-09-20 20:10:48,424 [http-nio-8080-exec-17] tannv.controller.LoadListController  - Page index = 1
ERROR   2021-09-20 20:13:17,418 [http-nio-8080-exec-15] tannv.controller.TrakingOrderController  - 
ERROR   2021-09-20 20:13:21,073 [http-nio-8080-exec-11] tannv.controller.LoadListController  - Page index = 1
INFO    2021-09-20 20:13:28,654 [http-nio-8080-exec-19] tannv.controller.LoginController  - Login success
ERROR   2021-09-20 20:13:29,441 [http-nio-8080-exec-19] tannv.controller.LoadListController  - Page index = 1
INFO    2021-09-20 20:14:38,786 [http-nio-8080-exec-20] tannv.controller.CreateController  - Create success
INFO    2021-09-20 20:15:08,027 [http-nio-8080-exec-19] tannv.controller.CreateController  - Create success
INFO    2021-09-20 20:15:14,250 [http-nio-8080-exec-13] tannv.controller.CreateController  - Create success
INFO    2021-09-20 20:15:18,528 [http-nio-8080-exec-11] tannv.controller.CreateController  - Create success
ERROR   2021-09-20 20:20:01,863 [http-nio-8080-exec-20] tannv.controller.LoadListController  - Page index = 1
ERROR   2021-09-20 20:26:38,660 [http-nio-8080-exec-9] tannv.controller.LoadListController  - Page index = 1
INFO    2021-09-20 20:26:43,849 [http-nio-8080-exec-1] tannv.controller.LoginController  - Login success
ERROR   2021-09-20 20:26:43,850 [http-nio-8080-exec-1] tannv.controller.LoadListController  - Page index = 1
ERROR   2021-09-20 20:30:07,218 [http-nio-8080-exec-8] tannv.controller.LoadListController  - Page index = 1
ERROR   2021-09-20 20:30:49,581 [http-nio-8080-exec-6] tannv.controller.LoadListController  - Page index = 1
INFO    2021-09-20 20:31:36,247 [http-nio-8080-exec-16] tannv.controller.LoginController  - Login success
ERROR   2021-09-20 20:31:36,249 [http-nio-8080-exec-16] tannv.controller.LoadListController  - Page index = 1
ERROR   2021-09-20 20:36:44,083 [http-nio-8080-exec-16] tannv.controller.LoadListController  - Page index = 1
INFO    2021-09-20 20:36:49,108 [http-nio-8080-exec-11] tannv.controller.LoginController  - Login success
ERROR   2021-09-20 20:36:49,109 [http-nio-8080-exec-11] tannv.controller.LoadListController  - Page index = 1
ERROR   2021-09-20 20:37:42,056 [http-nio-8080-exec-16] tannv.controller.LoadListController  - Page index = 1
INFO    2021-09-20 20:38:54,316 [http-nio-8080-exec-21] tannv.controller.LoginController  - Login success
ERROR   2021-09-20 20:38:54,317 [http-nio-8080-exec-21] tannv.controller.LoadListController  - Page index = 1
ERROR   2021-09-20 20:40:21,688 [http-nio-8080-exec-23] tannv.controller.LoadListController  - Page index = 1
INFO    2021-09-20 20:40:26,062 [http-nio-8080-exec-29] tannv.controller.LoginController  - Login success
ERROR   2021-09-20 20:40:26,062 [http-nio-8080-exec-29] tannv.controller.LoadListController  - Page index = 1
ERROR   2021-09-20 20:42:11,913 [http-nio-8080-exec-26] tannv.controller.LoadListController  - Page index = 1
INFO    2021-09-20 20:42:40,336 [http-nio-8080-exec-25] tannv.controller.LoginController  - Login success
ERROR   2021-09-20 20:42:40,336 [http-nio-8080-exec-25] tannv.controller.LoadListController  - Page index = 1
ERROR   2021-09-20 20:44:47,004 [http-nio-8080-exec-33] tannv.controller.LoadListController  - Page index = 1
INFO    2021-09-20 20:44:50,910 [http-nio-8080-exec-34] tannv.controller.LoginController  - Login success
ERROR   2021-09-20 20:44:50,911 [http-nio-8080-exec-34] tannv.controller.LoadListController  - Page index = 1
ERROR   2021-09-20 20:45:22,055 [http-nio-8080-exec-39] tannv.controller.LoadListController  - Page index = 1
ERROR   2021-09-20 20:48:23,680 [http-nio-8080-exec-32] tannv.controller.LoadListController  - Page index = 1
ERROR   2021-09-20 20:48:33,446 [http-nio-8080-exec-38] tannv.controller.SearchNameController  - Search name is failed : java.lang.IllegalArgumentException
ERROR   2021-09-20 20:48:38,523 [http-nio-8080-exec-39] tannv.controller.LoadListController  - Page index = 1
ERROR   2021-09-20 20:50:34,639 [http-nio-8080-exec-32] tannv.controller.LoadListController  - Page index = 1
ERROR   2021-09-20 20:54:25,424 [http-nio-8080-exec-39] tannv.controller.LoadListController  - Page index = 1
ERROR   2021-09-20 20:54:43,018 [http-nio-8080-exec-31] tannv.controller.LoadListController  - Page index = 1
ERROR   2021-09-20 20:55:31,465 [http-nio-8080-exec-49] tannv.controller.LoadListController  - Page index = 1
ERROR   2021-09-20 20:56:24,402 [http-nio-8080-exec-52] tannv.controller.LoadListController  - Page index = 1
ERROR   2021-09-20 20:57:01,566 [http-nio-8080-exec-60] tannv.controller.LoadListController  - Page index = 1
INFO    2021-09-20 20:57:11,395 [http-nio-8080-exec-56] tannv.controller.LoginController  - Login success
ERROR   2021-09-20 20:57:11,396 [http-nio-8080-exec-56] tannv.controller.LoadListController  - Page index = 1
INFO    2021-09-20 20:57:42,074 [http-nio-8080-exec-61] tannv.controller.CreateController  - Create success
ERROR   2021-09-20 20:57:59,297 [http-nio-8080-exec-63] tannv.controller.LoadListController  - Page index = 1
ERROR   2021-09-20 20:58:10,459 [http-nio-8080-exec-68] tannv.controller.SearchNameController  - Search name is failed : java.lang.IllegalArgumentException
ERROR   2021-09-20 22:12:14,448 [http-nio-8080-exec-63] tannv.controller.LoadListController  - Page index = 1
INFO    2021-09-20 22:12:40,183 [http-nio-8080-exec-69] tannv.controller.LoginController  - Login success
ERROR   2021-09-20 22:12:40,184 [http-nio-8080-exec-69] tannv.controller.LoadListController  - Page index = 1
INFO    2021-09-20 22:13:45,408 [http-nio-8080-exec-70] tannv.controller.CreateController  - Create success
INFO    2021-09-20 22:14:25,942 [http-nio-8080-exec-67] tannv.controller.CreateController  - Create success
ERROR   2021-09-20 22:19:34,455 [http-nio-8080-exec-1] tannv.controller.LoadListController  - Page index = 1
ERROR   2021-09-20 22:19:49,848 [http-nio-8080-exec-4] tannv.controller.LoadListController  - Page index = 1
ERROR   2021-09-20 22:20:05,275 [http-nio-8080-exec-2] tannv.controller.LoadListController  - Page index = 1
INFO    2021-09-20 22:21:07,555 [http-nio-8080-exec-4] tannv.controller.LoginController  - Login success
ERROR   2021-09-20 22:21:07,555 [http-nio-8080-exec-4] tannv.controller.LoadListController  - Page index = 1
ERROR   2021-09-20 22:21:18,513 [http-nio-8080-exec-8] tannv.controller.LoadListController  - Page index = 1
ERROR   2021-09-20 22:21:46,184 [http-nio-8080-exec-2] tannv.controller.LoadListController  - Page index = 1
ERROR   2021-09-20 22:22:02,151 [http-nio-8080-exec-3] tannv.controller.LoadListController  - Page index = 1
ERROR   2021-09-20 22:22:23,985 [http-nio-8080-exec-6] tannv.controller.LoadListController  - Page index = 1
ERROR   2021-09-20 22:22:53,425 [http-nio-8080-exec-1] tannv.controller.SearchNameController  - Search name is failed : java.lang.IllegalArgumentException
ERROR   2021-09-20 22:23:03,821 [http-nio-8080-exec-4] tannv.controller.LoadListController  - Page index = 1
ERROR   2021-09-20 22:23:39,453 [http-nio-8080-exec-2] tannv.controller.LoadListController  - Page index = 1
INFO    2021-09-20 22:23:44,865 [http-nio-8080-exec-3] tannv.controller.LoginController  - Login success
ERROR   2021-09-20 22:23:44,866 [http-nio-8080-exec-3] tannv.controller.LoadListController  - Page index = 1
INFO    2021-09-20 22:24:35,899 [http-nio-8080-exec-6] tannv.controller.CreateController  - Create success
ERROR   2021-09-20 22:45:19,421 [http-nio-8080-exec-2] tannv.controller.LoadListController  - Page index = 1
INFO    2021-09-20 22:45:23,610 [http-nio-8080-exec-2] tannv.controller.LoginController  - Login success
ERROR   2021-09-20 22:45:23,610 [http-nio-8080-exec-2] tannv.controller.LoadListController  - Page index = 1
ERROR   2021-09-20 22:45:48,111 [http-nio-8080-exec-9] tannv.controller.LoadListController  - Page index = 1
INFO    2021-09-20 22:45:48,118 [http-nio-8080-exec-9] tannv.controller.CreateController  - Create success
ERROR   2021-09-20 22:47:10,436 [http-nio-8080-exec-18] tannv.controller.LoadListController  - Page index = 1
ERROR   2021-09-20 22:48:12,164 [http-nio-8080-exec-12] tannv.controller.LoadListController  - Page index = 1
ERROR   2021-09-20 22:48:48,884 [http-nio-8080-exec-14] tannv.controller.CreateController  - ID is existed
ERROR   2021-09-20 22:48:48,910 [http-nio-8080-exec-14] tannv.controller.CreateController  - Insert new cake is error : Cannot forward after response has been committed
ERROR   2021-09-21 13:00:03,093 [http-nio-8080-exec-8] tannv.controller.LoadListController  - Page index = 1
INFO    2021-09-21 13:00:08,099 [http-nio-8080-exec-8] tannv.controller.LoginController  - Login success
ERROR   2021-09-21 13:00:08,099 [http-nio-8080-exec-8] tannv.controller.LoadListController  - Page index = 1
ERROR   2021-09-21 13:01:12,551 [http-nio-8080-exec-11] tannv.controller.LoadListController  - Page index = 1
ERROR   2021-09-21 13:01:18,272 [http-nio-8080-exec-3] tannv.controller.LoadListController  - Page index = 1
ERROR   2021-09-21 13:01:24,659 [http-nio-8080-exec-12] tannv.controller.LoadListController  - Page index = 1
ERROR   2021-09-22 09:04:42,994 [http-nio-8080-exec-5] tannv.controller.LoadListController  - Page index = 1
INFO    2021-09-22 09:06:10,186 [http-nio-8080-exec-12] tannv.controller.LoginController  - Login success
ERROR   2021-09-22 09:06:10,187 [http-nio-8080-exec-12] tannv.controller.LoadListController  - Page index = 1
ERROR   2021-09-22 09:07:18,899 [http-nio-8080-exec-17] tannv.controller.LoadListController  - Page index = 1
INFO    2021-09-22 09:07:18,911 [http-nio-8080-exec-17] tannv.controller.CreateController  - Create success
ERROR   2021-09-22 09:09:46,869 [http-nio-8080-exec-7] tannv.controller.LoadListController  - Page index = 1
ERROR   2021-09-22 09:09:53,215 [http-nio-8080-exec-2] tannv.controller.CreateController  - Cannot forward after response has been committed
ERROR   2021-09-22 09:10:34,706 [http-nio-8080-exec-5] tannv.controller.LoadListController  - Page index = 1
INFO    2021-09-22 09:10:41,401 [http-nio-8080-exec-2] tannv.controller.LoginController  - Login success
ERROR   2021-09-22 09:10:41,401 [http-nio-8080-exec-2] tannv.controller.LoadListController  - Page index = 1
INFO    2021-09-22 09:10:54,078 [http-nio-8080-exec-4] tannv.controller.CreateController  - Create success
ERROR   2021-09-22 09:11:22,419 [http-nio-8080-exec-2] tannv.controller.LoadListController  - Page index = 1
ERROR   2021-09-22 09:11:32,731 [http-nio-8080-exec-4] tannv.controller.LoadListController  - Page index = 1
INFO    2021-09-22 09:11:40,016 [http-nio-8080-exec-6] tannv.controller.LoginController  - Login success
ERROR   2021-09-22 09:11:40,016 [http-nio-8080-exec-6] tannv.controller.LoadListController  - Page index = 1
ERROR   2021-09-22 09:12:43,946 [http-nio-8080-exec-4] tannv.controller.LoadListController  - Page index = 1
ERROR   2021-09-22 09:12:47,901 [http-nio-8080-exec-4] tannv.controller.LoadListController  - Page index = 1
ERROR   2021-09-22 09:13:17,071 [http-nio-8080-exec-4] tannv.controller.LoadListController  - Page index = 1
ERROR   2021-09-22 09:13:50,360 [http-nio-8080-exec-7] tannv.controller.LoadListController  - Page index = 1
ERROR   2021-09-22 09:14:07,399 [http-nio-8080-exec-3] tannv.controller.TrakingOrderController  - 
ERROR   2021-09-22 09:14:13,639 [http-nio-8080-exec-9] tannv.controller.LoadListController  - Page index = 1
